<?xml version="1.0" encoding="UTF-8"?>
<testsuite xmlns:xsi="http://www.w3.org/2001/XMLSchema-instance" xsi:noNamespaceSchemaLocation="https://maven.apache.org/surefire/maven-surefire-plugin/xsd/surefire-test-report.xsd" name="uoa.assignment.game.GameTests" time="2.089" tests="16" errors="0" skipped="0" failures="16">
  <properties>
[...]
</properties>
  <testcase name="checkMarkingKilledMonster" classname="uoa.assignment.game.GameTests" time="0.005">
    <failure message="&amp;#27;[47m&amp;#27;[30mSomething is not right. It seems that it is not possible to kill a monster...   Check Task 5.2&amp;#27;[0mjava.lang.NullPointerException" type="java.lang.AssertionError"><![CDATA[java.lang.AssertionError: &amp#27;[47m&amp#27;[30mSomething is not right. It seems that it is not possible to kill a monster...   Check Task 5.2&amp#27;[0mjava.lang.NullPointerException
	at uoa.assignment.game.GameTests.checkMarkingKilledMonster(GameTests.java:641)
]]></failure>
  </testcase>
  <testcase name="checkMoveCharacterFull" classname="uoa.assignment.game.GameTests" time="0.004">
    <failure message="&amp;#27;[47m&amp;#27;[30mSomething is not right.  Check Task 3.4&amp;#27;[0mjava.lang.NullPointerException" type="java.lang.AssertionError"><![CDATA[java.lang.AssertionError: &amp#27;[47m&amp#27;[30mSomething is not right.  Check Task 3.4&amp#27;[0mjava.lang.NullPointerException
	at uoa.assignment.game.GameTests.checkMoveCharacterFull(GameTests.java:401)
]]></failure>
  </testcase>
  <testcase name="checkEndGame" classname="uoa.assignment.game.GameTests" time="0">
    <failure message="&amp;#27;[47m&amp;#27;[30mSomething is not right. It seems that it is not possible to win or lose the game.   Check Task 5.5&amp;#27;[0mjava.lang.NullPointerException" type="java.lang.AssertionError"><![CDATA[java.lang.AssertionError: &amp#27;[47m&amp#27;[30mSomething is not right. It seems that it is not possible to win or lose the game.   Check Task 5.5&amp#27;[0mjava.lang.NullPointerException
	at uoa.assignment.game.GameTests.checkEndGame(GameTests.java:684)
]]></failure>
  </testcase>
  <testcase name="checkCharactersArray" classname="uoa.assignment.game.GameTests" time="0.003">
    <failure message="&amp;#27;[47m&amp;#27;[30mDid you create a constructor for the Map class? Is the characters array public and of size 4? Did you create teh 2D array layot as specified? Check Task 2.1&amp;#27;[0mjava.lang.NullPointerException" type="java.lang.AssertionError"><![CDATA[java.lang.AssertionError: &amp#27;[47m&amp#27;[30mDid you create a constructor for the Map class? Is the characters array public and of size 4? Did you create teh 2D array layot as specified? Check Task 2.1&amp#27;[0mjava.lang.NullPointerException
	at uoa.assignment.game.GameTests.checkCharactersArray(GameTests.java:73)
]]></failure>
  </testcase>
  <testcase name="checkPlayerAndMonsterPositionInLayout" classname="uoa.assignment.game.GameTests" time="0.001">
    <failure message="&amp;#27;[47m&amp;#27;[30mSomething is not right.  Check Task 2.5&amp;#27;[0mjava.lang.AssertionError: expected:&lt;146&gt; but was:&lt;0&gt;" type="java.lang.AssertionError"><![CDATA[java.lang.AssertionError: &amp#27;[47m&amp#27;[30mSomething is not right.  Check Task 2.5&amp#27;[0mjava.lang.AssertionError: expected:<146> but was:<0>
	at uoa.assignment.game.GameTests.checkPlayerAndMonsterPositionInLayout(GameTests.java:190)
]]></failure>
  </testcase>
  <testcase name="checkLayoutInitialization" classname="uoa.assignment.game.GameTests" time="0.001">
    <failure message="&amp;#27;[47m&amp;#27;[30mSomething is not right with the layout variable. Are you populating teh empty fields with &apos;.&apos;? Check Task 2.2&amp;#27;[0mjava.lang.AssertionError" type="java.lang.AssertionError"><![CDATA[java.lang.AssertionError: &amp#27;[47m&amp#27;[30mSomething is not right with the layout variable. Are you populating teh empty fields with '.'? Check Task 2.2&amp#27;[0mjava.lang.AssertionError
	at uoa.assignment.game.GameTests.checkLayoutInitialization(GameTests.java:116)
]]></failure>
  </testcase>
  <testcase name="checkHealthInformationPrinted" classname="uoa.assignment.game.GameTests" time="0.005">
    <failure message="&amp;#27;[47m&amp;#27;[30mSomething is not right. Are you printing the health information    Check Task 5.1&amp;#27;[0mjava.lang.AssertionError: expected:&lt;1&gt; but was:&lt;0&gt;" type="java.lang.AssertionError"><![CDATA[java.lang.AssertionError: &amp#27;[47m&amp#27;[30mSomething is not right. Are you printing the health information    Check Task 5.1&amp#27;[0mjava.lang.AssertionError: expected:<1> but was:<0>
	at uoa.assignment.game.GameTests.checkHealthInformationPrinted(GameTests.java:547)
]]></failure>
  </testcase>
  <testcase name="checkMoveCharacter" classname="uoa.assignment.game.GameTests" time="0.007">
    <failure message="&amp;#27;[47m&amp;#27;[30mSomething is not right. moveCharacter method must print exactly this sentence when the use rinput is incorrect: &apos;Use only keywords up, down, left, right&apos; Check Task 3.3&amp;#27;[0mjava.lang.AssertionError" type="java.lang.AssertionError"><![CDATA[java.lang.AssertionError: &amp#27;[47m&amp#27;[30mSomething is not right. moveCharacter method must print exactly this sentence when the use rinput is incorrect: 'Use only keywords up, down, left, right' Check Task 3.3&amp#27;[0mjava.lang.AssertionError
	at uoa.assignment.game.GameTests.checkMoveCharacter(GameTests.java:322)
]]></failure>
  </testcase>
  <testcase name="checkMoveToOccupiedField" classname="uoa.assignment.game.GameTests" time="0.001">
    <failure message="&amp;#27;[47m&amp;#27;[30mSomething is not right.    Check Task 4.4&amp;#27;[0mjava.lang.NullPointerException" type="java.lang.AssertionError"><![CDATA[java.lang.AssertionError: &amp#27;[47m&amp#27;[30mSomething is not right.    Check Task 4.4&amp#27;[0mjava.lang.NullPointerException
	at uoa.assignment.game.GameTests.checkMoveToOccupiedField(GameTests.java:517)
]]></failure>
  </testcase>
  <testcase name="checkRunGameMain" classname="uoa.assignment.game.GameTests" time="1.002">
    <failure message="&amp;#27;[47m&amp;#27;[30mSomething is not right.  Check Task 3.1&amp;#27;[0mjava.lang.AssertionError: expected:&lt;146&gt; but was:&lt;0&gt;" type="java.lang.AssertionError"><![CDATA[java.lang.AssertionError: &amp#27;[47m&amp#27;[30mSomething is not right.  Check Task 3.1&amp#27;[0mjava.lang.AssertionError: expected:<146> but was:<0>
	at uoa.assignment.game.GameTests.checkRunGameMain(GameTests.java:238)
]]></failure>
  </testcase>
  <testcase name="checkPlayerAndMonsterPosition" classname="uoa.assignment.game.GameTests" time="0.001">
    <failure message="&amp;#27;[47m&amp;#27;[30mSomething is not right with initialising players and monsters.  Check Task 2.4&amp;#27;[0mjava.lang.NullPointerException" type="java.lang.AssertionError"><![CDATA[java.lang.AssertionError: &amp#27;[47m&amp#27;[30mSomething is not right with initialising players and monsters.  Check Task 2.4&amp#27;[0mjava.lang.NullPointerException
	at uoa.assignment.game.GameTests.checkPlayerAndMonsterPosition(GameTests.java:145)
]]></failure>
  </testcase>
  <testcase name="checkKillingPlayer" classname="uoa.assignment.game.GameTests" time="0.001">
    <failure message="&amp;#27;[47m&amp;#27;[30mSomething is not right. It seems that monster can&apos;t kill the player...   Check Task 5.3&amp;#27;[0mjava.lang.NullPointerException" type="java.lang.AssertionError"><![CDATA[java.lang.AssertionError: &amp#27;[47m&amp#27;[30mSomething is not right. It seems that monster can't kill the player...   Check Task 5.3&amp#27;[0mjava.lang.NullPointerException
	at uoa.assignment.game.GameTests.checkKillingPlayer(GameTests.java:606)
]]></failure>
  </testcase>
  <testcase name="checkRunGameMainWithUserInput" classname="uoa.assignment.game.GameTests" time="1.001">
    <failure message="&amp;#27;[47m&amp;#27;[30mSomething is not right.  Check Task 3.2&amp;#27;[0mjava.lang.AssertionError" type="java.lang.AssertionError"><![CDATA[java.lang.AssertionError: &amp#27;[47m&amp#27;[30mSomething is not right.  Check Task 3.2&amp#27;[0mjava.lang.AssertionError
	at uoa.assignment.game.GameTests.checkRunGameMainWithUserInput(GameTests.java:290)
]]></failure>
  </testcase>
  <testcase name="checkMoveOfPlayers" classname="uoa.assignment.game.GameTests" time="0.003">
    <failure message="&amp;#27;[47m&amp;#27;[30mSomething is not right.  Check Task 4.3&amp;#27;[0mjava.lang.NullPointerException" type="java.lang.AssertionError"><![CDATA[java.lang.AssertionError: &amp#27;[47m&amp#27;[30mSomething is not right.  Check Task 4.3&amp#27;[0mjava.lang.NullPointerException
	at uoa.assignment.game.GameTests.checkMoveOfPlayers(GameTests.java:492)
]]></failure>
  </testcase>
  <testcase name="checkKillingMonster" classname="uoa.assignment.game.GameTests" time="0">
    <failure message="&amp;#27;[47m&amp;#27;[30mSomething is not right. It seems that it is not possible to kill a monster...   Check Task 5.2&amp;#27;[0mjava.lang.NullPointerException" type="java.lang.AssertionError"><![CDATA[java.lang.AssertionError: &amp#27;[47m&amp#27;[30mSomething is not right. It seems that it is not possible to kill a monster...   Check Task 5.2&amp#27;[0mjava.lang.NullPointerException
	at uoa.assignment.game.GameTests.checkKillingMonster(GameTests.java:576)
]]></failure>
  </testcase>
  <testcase name="checkMoveIntoWall" classname="uoa.assignment.game.GameTests" time="0.002">
    <failure message="&amp;#27;[47m&amp;#27;[30mSomething is not right.  Check Task 4.1&amp;#27;[0mjava.lang.NullPointerException" type="java.lang.AssertionError"><![CDATA[java.lang.AssertionError: &amp#27;[47m&amp#27;[30mSomething is not right.  Check Task 4.1&amp#27;[0mjava.lang.NullPointerException
	at uoa.assignment.game.GameTests.checkMoveIntoWall(GameTests.java:450)
]]></failure>
  </testcase>
</testsuite>