<?xml version="1.0" encoding="UTF-8"?>
<testsuite xmlns:xsi="http://www.w3.org/2001/XMLSchema-instance" xsi:noNamespaceSchemaLocation="https://maven.apache.org/surefire/maven-surefire-plugin/xsd/surefire-test-report.xsd" name="uoa.assignment.game.GameTests" time="2.094" tests="11" errors="0" skipped="0" failures="1">
  <properties>
    <property name="java.specification.version" value="17"/>
    <property name="sun.cpu.isalist" value="amd64"/>
    <property name="sun.jnu.encoding" value="GBK"/>
    <property name="java.class.path" value="D:\Desktops\2-1\java\code\Java_Assignment\assignment\target\test-classes;D:\Desktops\2-1\java\code\Java_Assignment\assignment\target\classes;C:\Users\SunRo\.m2\repository\junit\junit\4.11\junit-4.11.jar;C:\Users\SunRo\.m2\repository\org\hamcrest\hamcrest-core\1.3\hamcrest-core-1.3.jar;"/>
    <property name="java.vm.vendor" value="Oracle Corporation"/>
    <property name="sun.arch.data.model" value="64"/>
    <property name="user.variant" value=""/>
    <property name="java.vendor.url" value="https://java.oracle.com/"/>
    <property name="user.timezone" value="Asia/Shanghai"/>
    <property name="os.name" value="Windows 11"/>
    <property name="java.vm.specification.version" value="17"/>
    <property name="sun.java.launcher" value="SUN_STANDARD"/>
    <property name="user.country" value="CN"/>
    <property name="sun.boot.library.path" value="D:\java\bin"/>
    <property name="sun.java.command" value="C:\Users\SunRo\AppData\Local\Temp\surefire13080500278769838808\surefirebooter16471885573056394900.jar C:\Users\SunRo\AppData\Local\Temp\surefire13080500278769838808 2023-12-10T10-40-29_312-jvmRun1 surefire7579533945142549416tmp surefire_017920121496082012221tmp"/>
    <property name="jdk.debug" value="release"/>
    <property name="surefire.test.class.path" value="D:\Desktops\2-1\java\code\Java_Assignment\assignment\target\test-classes;D:\Desktops\2-1\java\code\Java_Assignment\assignment\target\classes;C:\Users\SunRo\.m2\repository\junit\junit\4.11\junit-4.11.jar;C:\Users\SunRo\.m2\repository\org\hamcrest\hamcrest-core\1.3\hamcrest-core-1.3.jar;"/>
    <property name="sun.cpu.endian" value="little"/>
    <property name="user.home" value="C:\Users\SunRo"/>
    <property name="user.language" value="zh"/>
    <property name="java.specification.vendor" value="Oracle Corporation"/>
    <property name="java.version.date" value="2023-10-17"/>
    <property name="java.home" value="D:\java"/>
    <property name="file.separator" value="\"/>
    <property name="basedir" value="D:\Desktops\2-1\java\code\Java_Assignment\assignment"/>
    <property name="java.vm.compressedOopsMode" value="Zero based"/>
    <property name="line.separator" value="&#10;"/>
    <property name="java.vm.specification.vendor" value="Oracle Corporation"/>
    <property name="java.specification.name" value="Java Platform API Specification"/>
    <property name="surefire.real.class.path" value="C:\Users\SunRo\AppData\Local\Temp\surefire13080500278769838808\surefirebooter16471885573056394900.jar"/>
    <property name="user.script" value=""/>
    <property name="sun.management.compiler" value="HotSpot 64-Bit Tiered Compilers"/>
    <property name="java.runtime.version" value="17.0.9+11-LTS-201"/>
    <property name="user.name" value="SunRo"/>
    <property name="path.separator" value=";"/>
    <property name="os.version" value="10.0"/>
    <property name="java.runtime.name" value="Java(TM) SE Runtime Environment"/>
    <property name="file.encoding" value="GBK"/>
    <property name="java.vm.name" value="Java HotSpot(TM) 64-Bit Server VM"/>
    <property name="localRepository" value="C:\Users\SunRo\.m2\repository"/>
    <property name="java.vendor.url.bug" value="https://bugreport.java.com/bugreport/"/>
    <property name="java.io.tmpdir" value="C:\Users\SunRo\AppData\Local\Temp\"/>
    <property name="java.version" value="17.0.9"/>
    <property name="user.dir" value="D:\Desktops\2-1\java\code\Java_Assignment\assignment"/>
    <property name="os.arch" value="amd64"/>
    <property name="java.vm.specification.name" value="Java Virtual Machine Specification"/>
    <property name="sun.os.patch.level" value=""/>
    <property name="native.encoding" value="GBK"/>
    <property name="java.library.path" value="D:\java\bin;C:\Windows\Sun\Java\bin;C:\Windows\system32;C:\Windows;C:\Program Files\Common Files\Oracle\Java\javapath;C:\Program Files (x86)\Common Files\Oracle\Java\javapath;D:\win64\bin;C:\Windows\system32;C:\Windows;C:\Windows\System32\Wbem;C:\Windows\System32\WindowsPowerShell\v1.0\;C:\Windows\System32\OpenSSH\;C:\Program Files (x86)\NVIDIA Corporation\PhysX\Common;C:\Program Files\NVIDIA Corporation\NVIDIA NvDLISR;C:\Program Files (x86)\dotnet\;D:\Git\cmd;D:\runtime\win64;D:\bin;C:\Python310\;D:\ane;D:\ane\envs\sklearn-env;D:\ane\envs\tensorflow;D:\ane\envs\tfenv;C:\opencv\build\bin;D:\微信web开发者工具\dll;C:\Users\SunRo\AppData\Roaming\nvm;C:\Program Files\nodejs;D:\apache-maven-3.9.6\bin\;D:\ane\Lib\site-packages;D:\;C:\Users\SunRo\AppData\Local\Microsoft\WindowsApps;C:\Users\SunRo\AppData\Local\Programs\Microsoft VS Code\bin;D:\PyCharm Community Edition 2022.2.3\bin;C:\Users\SunRo\AppData\Local\Programs\oh-my-posh\bin;D:\ane\envs\sklearn-env\Scripts;D:\ane\Scripts;D:\ane\envs\tensorflow\Scripts;D:\ane\envs\tfenv\Scripts;D:\Lib\site-packages;."/>
    <property name="java.vm.info" value="mixed mode, sharing"/>
    <property name="java.vendor" value="Oracle Corporation"/>
    <property name="java.vm.version" value="17.0.9+11-LTS-201"/>
    <property name="sun.io.unicode.encoding" value="UnicodeLittle"/>
    <property name="java.class.version" value="61.0"/>
  </properties>
  <testcase name="checkMoveCharacterFull" classname="uoa.assignment.game.GameTests" time="0"/>
  <testcase name="checkCharactersArray" classname="uoa.assignment.game.GameTests" time="0"/>
  <testcase name="checkPlayerAndMonsterPositionInLayout" classname="uoa.assignment.game.GameTests" time="0"/>
  <testcase name="checkLayoutInitialization" classname="uoa.assignment.game.GameTests" time="0"/>
  <testcase name="checkMoveCharacter" classname="uoa.assignment.game.GameTests" time="0.075"/>
  <testcase name="checkMoveToOccupiedField" classname="uoa.assignment.game.GameTests" time="0"/>
  <testcase name="checkRunGameMain" classname="uoa.assignment.game.GameTests" time="1.003"/>
  <testcase name="checkPlayerAndMonsterPosition" classname="uoa.assignment.game.GameTests" time="0"/>
  <testcase name="checkRunGameMainWithUserInput" classname="uoa.assignment.game.GameTests" time="1.012"/>
  <testcase name="checkMoveOfPlayers" classname="uoa.assignment.game.GameTests" time="0"/>
  <testcase name="checkMoveIntoWall" classname="uoa.assignment.game.GameTests" time="0.004">
    <failure message="&amp;#27;[47m&amp;#27;[30mSomething is not right.  Check Task 4.1&amp;#27;[0mjava.lang.AssertionError" type="java.lang.AssertionError"><![CDATA[java.lang.AssertionError: &amp#27;[47m&amp#27;[30mSomething is not right.  Check Task 4.1&amp#27;[0mjava.lang.AssertionError
	at uoa.assignment.game.GameTests.checkMoveIntoWall(GameTests.java:450)
]]></failure>
  </testcase>
</testsuite>