<?xml version="1.0" encoding="UTF-8"?>
<testsuite xmlns:xsi="http://www.w3.org/2001/XMLSchema-instance" xsi:noNamespaceSchemaLocation="https://maven.apache.org/surefire/maven-surefire-plugin/xsd/surefire-test-report.xsd" name="uoa.assignment.game.GameTests" time="2.094" tests="11" errors="0" skipped="0" failures="1">
  <properties>
[...]
</properties>
  <testcase name="checkMoveCharacterFull" classname="uoa.assignment.game.GameTests" time="0"/>
  <testcase name="checkCharactersArray" classname="uoa.assignment.game.GameTests" time="0"/>
  <testcase name="checkPlayerAndMonsterPositionInLayout" classname="uoa.assignment.game.GameTests" time="0"/>
  <testcase name="checkLayoutInitialization" classname="uoa.assignment.game.GameTests" time="0"/>
  <testcase name="checkMoveCharacter" classname="uoa.assignment.game.GameTests" time="0.075"/>
  <testcase name="checkMoveToOccupiedField" classname="uoa.assignment.game.GameTests" time="0"/>
  <testcase name="checkRunGameMain" classname="uoa.assignment.game.GameTests" time="1.003"/>
  <testcase name="checkPlayerAndMonsterPosition" classname="uoa.assignment.game.GameTests" time="0"/>
  <testcase name="checkRunGameMainWithUserInput" classname="uoa.assignment.game.GameTests" time="1.012"/>
  <testcase name="checkMoveOfPlayers" classname="uoa.assignment.game.GameTests" time="0"/>
  <testcase name="checkMoveIntoWall" classname="uoa.assignment.game.GameTests" time="0.004">
    <failure message="&amp;#27;[47m&amp;#27;[30mSomething is not right.  Check Task 4.1&amp;#27;[0mjava.lang.AssertionError" type="java.lang.AssertionError"><![CDATA[java.lang.AssertionError: &amp#27;[47m&amp#27;[30mSomething is not right.  Check Task 4.1&amp#27;[0mjava.lang.AssertionError
	at uoa.assignment.game.GameTests.checkMoveIntoWall(GameTests.java:450)
]]></failure>
  </testcase>
</testsuite>