<?xml version="1.0" encoding="UTF-8"?>
<testsuite xmlns:xsi="http://www.w3.org/2001/XMLSchema-instance" xsi:noNamespaceSchemaLocation="https://maven.apache.org/surefire/maven-surefire-plugin/xsd/surefire-test-report.xsd" name="uoa.assignment.character.CharacterTests" time="0.021" tests="9" errors="0" skipped="0" failures="9">
  <properties>
    <property name="awt.toolkit" value="sun.awt.X11.XToolkit"/>
    <property name="java.specification.version" value="11"/>
    <property name="sun.cpu.isalist" value=""/>
    <property name="sun.jnu.encoding" value="UTF-8"/>
    <property name="java.class.path" value="/home/codio/workspace/assignment/target/test-classes:/home/codio/workspace/assignment/target/classes:/home/codio/.m2/repository/junit/junit/4.11/junit-4.11.jar:/home/codio/.m2/repository/org/hamcrest/hamcrest-core/1.3/hamcrest-core-1.3.jar:"/>
    <property name="java.vm.vendor" value="Ubuntu"/>
    <property name="sun.arch.data.model" value="64"/>
    <property name="java.vendor.url" value="https://ubuntu.com/"/>
    <property name="user.timezone" value=""/>
    <property name="java.vm.specification.version" value="11"/>
    <property name="os.name" value="Linux"/>
    <property name="sun.java.launcher" value="SUN_STANDARD"/>
    <property name="user.country" value="US"/>
    <property name="sun.boot.library.path" value="/usr/lib/jvm/java-11-openjdk-amd64/lib"/>
    <property name="sun.java.command" value="/home/codio/workspace/assignment/target/surefire/surefirebooter210133479115267718.jar /home/codio/workspace/assignment/target/surefire 2023-10-19T10-16-42_035-jvmRun1 surefire1207101518722670108tmp surefire_017906673129424328253tmp"/>
    <property name="jdk.debug" value="release"/>
    <property name="surefire.test.class.path" value="/home/codio/workspace/assignment/target/test-classes:/home/codio/workspace/assignment/target/classes:/home/codio/.m2/repository/junit/junit/4.11/junit-4.11.jar:/home/codio/.m2/repository/org/hamcrest/hamcrest-core/1.3/hamcrest-core-1.3.jar:"/>
    <property name="sun.cpu.endian" value="little"/>
    <property name="user.home" value="/home/codio"/>
    <property name="user.language" value="en"/>
    <property name="java.specification.vendor" value="Oracle Corporation"/>
    <property name="java.version.date" value="2021-10-19"/>
    <property name="java.home" value="/usr/lib/jvm/java-11-openjdk-amd64"/>
    <property name="file.separator" value="/"/>
    <property name="basedir" value="/home/codio/workspace/assignment"/>
    <property name="java.vm.compressedOopsMode" value="32-bit"/>
    <property name="line.separator" value="&#10;"/>
    <property name="java.specification.name" value="Java Platform API Specification"/>
    <property name="java.vm.specification.vendor" value="Oracle Corporation"/>
    <property name="java.awt.graphicsenv" value="sun.awt.X11GraphicsEnvironment"/>
    <property name="surefire.real.class.path" value="/home/codio/workspace/assignment/target/surefire/surefirebooter210133479115267718.jar"/>
    <property name="sun.management.compiler" value="HotSpot 64-Bit Tiered Compilers"/>
    <property name="java.runtime.version" value="11.0.13+8-Ubuntu-0ubuntu1.18.04"/>
    <property name="user.name" value="codio"/>
    <property name="path.separator" value=":"/>
    <property name="os.version" value="5.19.0-1029-aws"/>
    <property name="java.runtime.name" value="OpenJDK Runtime Environment"/>
    <property name="file.encoding" value="UTF-8"/>
    <property name="java.vm.name" value="OpenJDK 64-Bit Server VM"/>
    <property name="localRepository" value="/home/codio/.m2/repository"/>
    <property name="java.vendor.url.bug" value="https://bugs.launchpad.net/ubuntu/+source/openjdk-lts"/>
    <property name="java.io.tmpdir" value="/tmp"/>
    <property name="java.version" value="11.0.13"/>
    <property name="user.dir" value="/home/codio/workspace/assignment"/>
    <property name="os.arch" value="amd64"/>
    <property name="java.vm.specification.name" value="Java Virtual Machine Specification"/>
    <property name="java.awt.printerjob" value="sun.print.PSPrinterJob"/>
    <property name="sun.os.patch.level" value="unknown"/>
    <property name="java.library.path" value="/usr/java/packages/lib:/usr/lib/x86_64-linux-gnu/jni:/lib/x86_64-linux-gnu:/usr/lib/x86_64-linux-gnu:/usr/lib/jni:/lib:/usr/lib"/>
    <property name="java.vm.info" value="mixed mode, sharing"/>
    <property name="java.vendor" value="Ubuntu"/>
    <property name="java.vm.version" value="11.0.13+8-Ubuntu-0ubuntu1.18.04"/>
    <property name="sun.io.unicode.encoding" value="UnicodeLittle"/>
    <property name="java.class.version" value="55.0"/>
  </properties>
  <testcase name="checkMonsterClassFailedfulAttack" classname="uoa.assignment.character.CharacterTests" time="0">
    <failure message="&amp;#27;[47m&amp;#27;[30mMake sure the class Monster implements method hurtCharacter() as per T1.4 and all previous tasks have been completed.&amp;#27;[0mjava.lang.AssertionError: expected:&lt;100&gt; but was:&lt;-1&gt;" type="java.lang.AssertionError"><![CDATA[java.lang.AssertionError: &amp#27;[47m&amp#27;[30mMake sure the class Monster implements method hurtCharacter() as per T1.4 and all previous tasks have been completed.&amp#27;[0mjava.lang.AssertionError: expected:<100> but was:<-1>
	at uoa.assignment.character.CharacterTests.checkMonsterClassFailedfulAttack(CharacterTests.java:152)
]]></failure>
  </testcase>
  <testcase name="checkIfMonsterDecidesRandomly" classname="uoa.assignment.character.CharacterTests" time="0">
    <failure message="&amp;#27;[47m&amp;#27;[30mMake sure the class Monster contains a method decideMove() as per T4.2 and all previous tasks have been completed.&amp;#27;[0mjava.lang.AssertionError: &amp;#27;[47m&amp;#27;[30mIs your method Monster.decideMove() really random Our test on 100k tries shows that these many decisions were generated for each category up:0 down:0 left:0 right:0 See task 1.5 instructions&amp;#27;[0m" type="java.lang.AssertionError"><![CDATA[java.lang.AssertionError: &amp#27;[47m&amp#27;[30mMake sure the class Monster contains a method decideMove() as per T4.2 and all previous tasks have been completed.&amp#27;[0mjava.lang.AssertionError: &amp#27;[47m&amp#27;[30mIs your method Monster.decideMove() really random Our test on 100k tries shows that these many decisions were generated for each category up:0 down:0 left:0 right:0 See task 1.5 instructions&amp#27;[0m
	at uoa.assignment.character.CharacterTests.checkIfMonsterDecidesRandomly(CharacterTests.java:325)
]]></failure>
  </testcase>
  <testcase name="checkHealthFunctionality" classname="uoa.assignment.character.CharacterTests" time="0">
    <failure message="&amp;#27;[47m&amp;#27;[30mMake sure the class GameCharacter contains methods getHealth()and setHealth() as per T1.3 &amp;#27;[0mjava.lang.AssertionError: expected:&lt;100&gt; but was:&lt;-1&gt;" type="java.lang.AssertionError"><![CDATA[java.lang.AssertionError: &amp#27;[47m&amp#27;[30mMake sure the class GameCharacter contains methods getHealth()and setHealth() as per T1.3 &amp#27;[0mjava.lang.AssertionError: expected:<100> but was:<-1>
	at uoa.assignment.character.CharacterTests.checkHealthFunctionality(CharacterTests.java:86)
]]></failure>
  </testcase>
  <testcase name="checkIfPlayerDefenceLooksRandom" classname="uoa.assignment.character.CharacterTests" time="0.011">
    <failure message="&amp;#27;[47m&amp;#27;[30mMake sure the class Monster implements method hurtCharacter() as per T1.4 and all previous tasks have been completed.&amp;#27;[0mjava.lang.AssertionError: &amp;#27;[47m&amp;#27;[30mIs your method Player.successfulDefence () really 30/70? Our test on 100k tries shows 100000:0 See task 1.5 instructions&amp;#27;[0m" type="java.lang.AssertionError"><![CDATA[java.lang.AssertionError: &amp#27;[47m&amp#27;[30mMake sure the class Monster implements method hurtCharacter() as per T1.4 and all previous tasks have been completed.&amp#27;[0mjava.lang.AssertionError: &amp#27;[47m&amp#27;[30mIs your method Player.successfulDefence () really 30/70? Our test on 100k tries shows 100000:0 See task 1.5 instructions&amp#27;[0m
	at uoa.assignment.character.CharacterTests.checkIfPlayerDefenceLooksRandom(CharacterTests.java:282)
]]></failure>
  </testcase>
  <testcase name="checkIfMonsterDefenceLooksRandom" classname="uoa.assignment.character.CharacterTests" time="0.003">
    <failure message="&amp;#27;[47m&amp;#27;[30mMake sure the class Monster implements method hurtCharacter() as per T1.4 and all previous tasks have been completed.&amp;#27;[0mjava.lang.AssertionError: &amp;#27;[47m&amp;#27;[30mIs your method Monster.successfulDefence () really random?&amp;#27;[0m" type="java.lang.AssertionError"><![CDATA[java.lang.AssertionError: &amp#27;[47m&amp#27;[30mMake sure the class Monster implements method hurtCharacter() as per T1.4 and all previous tasks have been completed.&amp#27;[0mjava.lang.AssertionError: &amp#27;[47m&amp#27;[30mIs your method Monster.successfulDefence () really random?&amp#27;[0m
	at uoa.assignment.character.CharacterTests.checkIfMonsterDefenceLooksRandom(CharacterTests.java:184)
]]></failure>
  </testcase>
  <testcase name="checkPlayerClassSuccesfulAttack" classname="uoa.assignment.character.CharacterTests" time="0">
    <failure message="&amp;#27;[47m&amp;#27;[30mMake sure the class Monster implements method hurtCharacter() as per T1.4 and all previous tasks have been completed.&amp;#27;[0mjava.lang.AssertionError: expected:&lt;50&gt; but was:&lt;-1&gt;" type="java.lang.AssertionError"><![CDATA[java.lang.AssertionError: &amp#27;[47m&amp#27;[30mMake sure the class Monster implements method hurtCharacter() as per T1.4 and all previous tasks have been completed.&amp#27;[0mjava.lang.AssertionError: expected:<50> but was:<-1>
	at uoa.assignment.character.CharacterTests.checkPlayerClassSuccesfulAttack(CharacterTests.java:217)
]]></failure>
  </testcase>
  <testcase name="checkMonsterClassSuccesfulAttack" classname="uoa.assignment.character.CharacterTests" time="0">
    <failure message="&amp;#27;[47m&amp;#27;[30mMake sure the class Monster implements method hurtCharacter() as per T1.4 and all previous tasks have been completed.&amp;#27;[0mjava.lang.AssertionError: expected:&lt;80&gt; but was:&lt;-1&gt;" type="java.lang.AssertionError"><![CDATA[java.lang.AssertionError: &amp#27;[47m&amp#27;[30mMake sure the class Monster implements method hurtCharacter() as per T1.4 and all previous tasks have been completed.&amp#27;[0mjava.lang.AssertionError: expected:<80> but was:<-1>
	at uoa.assignment.character.CharacterTests.checkMonsterClassSuccesfulAttack(CharacterTests.java:119)
]]></failure>
  </testcase>
  <testcase name="checkSayName" classname="uoa.assignment.character.CharacterTests" time="0">
    <failure message="&amp;#27;[47m&amp;#27;[30mMake sure the constructor of GameCharacter class is modified and sayName() method exist as per T1.2 &amp;#27;[0morg.junit.ComparisonFailure: expected:&lt;[milan]&gt; but was:&lt;[]&gt;" type="java.lang.AssertionError"><![CDATA[java.lang.AssertionError: &amp#27;[47m&amp#27;[30mMake sure the constructor of GameCharacter class is modified and sayName() method exist as per T1.2 &amp#27;[0morg.junit.ComparisonFailure: expected:<[milan]> but was:<[]>
	at uoa.assignment.character.CharacterTests.checkSayName(CharacterTests.java:59)
]]></failure>
  </testcase>
  <testcase name="checkPlayerClassFailedfulAttack" classname="uoa.assignment.character.CharacterTests" time="0">
    <failure message="&amp;#27;[47m&amp;#27;[30mMake sure the class Monster implements method hurtCharacter() as per T1.4 and all previous tasks have been completed.&amp;#27;[0mjava.lang.AssertionError: expected:&lt;100&gt; but was:&lt;-1&gt;" type="java.lang.AssertionError"><![CDATA[java.lang.AssertionError: &amp#27;[47m&amp#27;[30mMake sure the class Monster implements method hurtCharacter() as per T1.4 and all previous tasks have been completed.&amp#27;[0mjava.lang.AssertionError: expected:<100> but was:<-1>
	at uoa.assignment.character.CharacterTests.checkPlayerClassFailedfulAttack(CharacterTests.java:250)
]]></failure>
  </testcase>
</testsuite>